[17:23:39] Application started
[17:39:58] [17:39:58] <---EXECUTION STARTED--->
[17:39:58] Motors forward
[17:40:02] Motors forward
[17:40:06] Motors left
[17:40:10] [17:40:10] <---EXECUTION STOPPED--->
[17:57:30] Application started
[18:00:54] Application started
[18:01:24] [18:01:24] <---EXECUTION STARTED--->
[18:01:24] Motors forward
[18:01:24] [18:01:24] <---EXECUTION STARTED--->
[18:01:24] Motors left
[18:01:24] [18:01:24] <---EXECUTION STARTED--->
[18:01:24] Motors forward
[18:01:24] [18:01:24] <---EXECUTION STARTED--->
[18:01:24] Motors left
[18:01:25] [18:01:25] <---EXECUTION STARTED--->
[18:01:25] Motors left
[18:01:25] [18:01:25] <---EXECUTION STARTED--->
[18:01:25] Motors right
[18:01:25] [18:01:25] <---EXECUTION STARTED--->
[18:01:25] Motors left
[18:01:28] [18:01:28] <---EXECUTION STOPPED--->
[18:01:28] [18:01:28] <---EXECUTION STOPPED--->
[18:01:28] [18:01:28] <---EXECUTION STOPPED--->
[18:01:28] [18:01:28] <---EXECUTION STOPPED--->
[18:01:29] [18:01:29] <---EXECUTION STOPPED--->
[18:01:29] [18:01:29] <---EXECUTION STOPPED--->
[18:01:29] [18:01:29] <---EXECUTION STOPPED--->
[18:10:58] Application started
[18:23:46] Application started
