[08:25:41] Application started
[08:27:56] Application started
[08:37:52] Application started
[08:38:17] [08:38:17] <---EXECUTION STARTED--->
[08:38:17] [08:38:17] <---EXECUTION STOPPED--->
[08:41:39] Application started
[08:41:43] [08:41:43] <---EXECUTION STARTED--->
[08:41:43] [08:41:43] <---EXECUTION STOPPED--->
[08:43:30] Application started
[08:48:32] Application started
[11:40:59] Application started
[11:41:19] [11:41:19] <---EXECUTION STARTED--->
[11:41:19] Motors forward
[11:41:23] [11:41:23] <---EXECUTION STOPPED--->
[11:53:27] Application started
[11:53:38] [11:53:38] <---EXECUTION STARTED--->
[11:53:55] Application started
[11:53:57] [11:53:57] <---EXECUTION STARTED--->
[11:53:57] Motors forward
[11:54:01] [11:54:01] <---EXECUTION STOPPED--->
[11:54:57] [11:54:57] <---EXECUTION STARTED--->
[11:54:57] Motors forward
[11:55:01] [11:55:01] <---EXECUTION STOPPED--->
[11:55:33] Application started
[11:55:36] [11:55:36] <---EXECUTION STARTED--->
[11:55:36] Motors forward
[11:55:40] [11:55:40] <---EXECUTION STOPPED--->
[11:55:47] [11:55:47] <---EXECUTION STARTED--->
[11:55:47] [11:55:47] <---EXECUTION STOPPED--->
[11:57:54] [11:57:54] <---EXECUTION STARTED--->
[11:57:54] [11:57:54] <---EXECUTION STOPPED--->
[11:58:10] Application started
[11:58:12] [11:58:12] <---EXECUTION STARTED--->
[11:58:12] [11:58:12] <---EXECUTION STOPPED--->
[11:58:32] [11:58:32] <---EXECUTION STARTED--->
[11:58:32] [11:58:32] <---EXECUTION STOPPED--->
[11:58:38] [11:58:38] <---EXECUTION STARTED--->
[11:58:38] [11:58:38] <---EXECUTION STOPPED--->
[11:58:48] [11:58:48] <---EXECUTION STARTED--->
[11:58:48] [11:58:48] <---EXECUTION STOPPED--->
[11:58:51] [11:58:51] <---EXECUTION STARTED--->
[11:58:51] [11:58:51] <---EXECUTION STOPPED--->
[11:59:47] Application started
[11:59:49] [11:59:49] <---EXECUTION STARTED--->
[11:59:49] [11:59:49] <---EXECUTION STOPPED--->
[11:59:58] [11:59:58] <---EXECUTION STARTED--->
[11:59:58] [11:59:58] <---EXECUTION STOPPED--->
[12:00:34] Application started
[12:00:35] [12:00:35] <---EXECUTION STARTED--->
[12:00:35] Motors forward
[12:00:39] Motors left
[12:00:43] Servo action: 0 steps
[12:00:53] Application started
[12:00:54] [12:00:54] <---EXECUTION STARTED--->
[12:00:54] Motors forward
[12:00:58] Motors left
[12:01:02] Servo action: 0 steps
[12:01:22] Application started
[12:01:24] [12:01:24] <---EXECUTION STARTED--->
[12:01:24] Motors forward
[12:01:26] Motors left
[12:01:28] Servo action: 0 steps
[12:01:28] [12:01:28] <---EXECUTION STOPPED--->
[12:01:36] [12:01:36] <---EXECUTION STARTED--->
[12:01:36] Motors forward
[12:01:38] Motors left
[12:01:40] Servo action: 0 steps
[12:01:40] [12:01:40] <---EXECUTION STOPPED--->
[12:01:50] [12:01:50] <---EXECUTION STARTED--->
[12:01:50] [12:01:50] <---EXECUTION STOPPED--->
[12:01:58] [12:01:58] <---EXECUTION STARTED--->
[12:01:58] [12:01:58] <---EXECUTION STOPPED--->
[12:02:06] [12:02:06] <---EXECUTION STARTED--->
[12:02:06] [12:02:06] <---EXECUTION STOPPED--->
[12:02:09] [12:02:09] <---EXECUTION STARTED--->
[12:02:09] [12:02:09] <---EXECUTION STOPPED--->
[12:03:01] Application started
[12:03:04] [12:03:04] <---EXECUTION STARTED--->
[12:03:04] Motors forward
[12:03:06] Motors left
[12:03:08] Servo action: 0 steps
[12:03:08] [12:03:08] <---EXECUTION STOPPED--->
[12:03:13] [12:03:13] <---EXECUTION STARTED--->
[12:03:13] [12:03:13] <---EXECUTION STOPPED--->
[12:03:18] [12:03:18] <---EXECUTION STARTED--->
[12:03:18] Motors forward
[12:03:20] Motors left
[12:03:22] Servo action: 0 steps
[12:03:22] [12:03:22] <---EXECUTION STOPPED--->
[12:04:26] Application started
[12:04:29] [12:04:29] <---EXECUTION STARTED--->
[12:04:29] Motors forward
[12:04:31] Motors left
[12:04:33] Servo action: 0 steps
[12:04:33] [12:04:33] <---EXECUTION STOPPED--->
[12:04:45] [12:04:45] <---EXECUTION STARTED--->
[12:04:45] [12:04:45] <---EXECUTION STOPPED--->
[12:05:42] Application started
[12:05:45] [12:05:45] <---EXECUTION STARTED--->
[12:05:45] Servo action: 0 steps
[12:05:45] [12:05:45] <---EXECUTION STOPPED--->
[12:05:57] Application started
[12:06:59] [12:06:59] <---EXECUTION STARTED--->
[12:06:59] Servo action: 0 steps
[12:06:59] [12:06:59] <---EXECUTION STOPPED--->
[12:08:01] Application started
[12:08:03] [12:08:03] <---EXECUTION STARTED--->
[12:08:03] Servo action: 0 steps
[12:08:03] [12:08:03] <---EXECUTION STOPPED--->
[12:08:20] Application started
[12:08:22] [12:08:22] <---EXECUTION STARTED--->
[12:08:22] Servo action: 0 steps
[12:08:22] [12:08:22] <---EXECUTION STOPPED--->
[12:08:32] [12:08:32] <---EXECUTION STARTED--->
[12:08:32] Servo action: 0 steps
[12:08:32] [12:08:32] <---EXECUTION STOPPED--->
[12:08:58] Application started
[12:09:00] [12:09:00] <---EXECUTION STARTED--->
[12:09:00] Motors right
[12:09:02] Servo action: 0 steps
[12:09:02] [12:09:02] <---EXECUTION STOPPED--->
[12:09:19] [12:09:19] <---EXECUTION STARTED--->
[12:09:19] Servo action: 0 steps
[12:09:19] [12:09:19] <---EXECUTION STOPPED--->
