[2022-05-06 14:37:34]{MAIN} Logger started
[2022-05-06 14:37:34]{SERVER} [LOG] Server configured and socket satrted!
[2022-05-06 14:37:34]{SERVER} [LOG] Starting listening
[2022-05-06 14:37:37]{SERVER} [LOG] New client connected: ('127.0.0.1', 33892); Starting uniq ClientThread
[2022-05-06 14:37:46]{MOTORS_API} Starting driving
[2022-05-06 14:38:14]{MOTORS_API} Starting driving
[2022-05-06 14:38:14]{MOTORS_API} Starting driving
[2022-05-06 14:38:14]{MOTORS_API} Starting driving
[2022-05-06 14:38:14]{MOTORS_API} Starting driving
[2022-05-06 14:38:14]{MOTORS_API} Starting driving
[2022-05-06 14:38:14]{MOTORS_API} Starting driving
[2022-05-06 14:38:14]{MOTORS_API} Starting driving
[2022-05-06 14:38:15]{MOTORS_API} Starting driving
[2022-05-06 14:38:15]{MOTORS_API} Starting driving
[2022-05-06 14:38:15]{MOTORS_API} Starting driving
[2022-05-06 14:38:15]{MOTORS_API} Starting driving
[2022-05-06 14:38:15]{MOTORS_API} Starting driving
[2022-05-06 14:38:21]{MOTORS_API} Starting driving
[2022-05-06 14:38:26]{MOTORS_API} Starting driving
[2022-05-06 14:38:43]{CLIENT_THREAD} Bad packet; Not JSON
[2022-05-06 14:38:43]{CLIENT_THREAD} Bad packet; Not JSON
[2022-05-06 14:38:43]{CLIENT_THREAD} Bad packet; Not JSON
[2022-05-06 14:38:43]{CLIENT_THREAD} Bad packet; Not JSON
[2022-05-06 14:38:43]{CLIENT_THREAD} Bad packet; Not JSON
[2022-05-06 14:38:43]{CLIENT_THREAD} Bad packet; Not JSON
[2022-05-06 14:38:43]{CLIENT_THREAD} Bad packet; Not JSON
[2022-05-06 14:38:43]{CLIENT_THREAD} Bad packet; Not JSON
[2022-05-06 14:38:43]{CLIENT_THREAD} Bad packet; Not JSON
[2022-05-06 14:38:54]{MOTORS_API} Starting driving
[2022-05-06 14:39:01]{MOTORS_API} Starting driving
[2022-05-06 14:39:04]{MOTORS_API} Starting driving
[2022-05-06 14:39:05]{MOTORS_API} Starting driving
[2022-05-06 14:39:05]{MOTORS_API} Starting driving
[2022-05-06 14:39:05]{MOTORS_API} Starting driving
[2022-05-06 14:39:05]{MOTORS_API} Starting driving
[2022-05-06 14:39:05]{MOTORS_API} Starting driving
[2022-05-06 14:39:05]{MOTORS_API} Starting driving
[2022-05-06 14:39:05]{MOTORS_API} Starting driving
[2022-05-06 14:39:06]{MOTORS_API} Starting driving
[2022-05-06 14:39:06]{MOTORS_API} Starting driving
[2022-05-06 14:39:06]{MOTORS_API} Starting driving
[2022-05-06 14:39:06]{MOTORS_API} Starting driving
[2022-05-06 14:39:06]{MOTORS_API} Starting driving
[2022-05-06 14:39:06]{MOTORS_API} Starting driving
[2022-05-06 14:39:06]{MOTORS_API} Starting driving
[2022-05-06 14:39:07]{MOTORS_API} Starting driving
[2022-05-06 14:39:07]{MOTORS_API} Starting driving
[2022-05-06 14:39:07]{MOTORS_API} Starting driving
[2022-05-06 14:39:07]{MOTORS_API} Starting driving
[2022-05-06 14:39:07]{MOTORS_API} Starting driving
[2022-05-06 14:39:08]{MOTORS_API} Starting driving
[2022-05-06 14:39:08]{MOTORS_API} Starting driving
[2022-05-06 14:39:08]{MOTORS_API} Starting driving
[2022-05-06 14:39:08]{MOTORS_API} Starting driving
[2022-05-06 14:39:08]{MOTORS_API} Starting driving
[2022-05-06 14:39:08]{MOTORS_API} Starting driving
[2022-05-06 14:39:08]{MOTORS_API} Starting driving
[2022-05-06 14:39:09]{MOTORS_API} Starting driving
[2022-05-06 14:39:09]{MOTORS_API} Starting driving
[2022-05-06 14:39:09]{MOTORS_API} Starting driving
